********************************************************************************
PACKAGE-LOG: 2017-06-19 21:42:55
NOTICE: Do NOT post to public sites or forums 
********************************************************************************
VERSION:	0.5.32
WORDPRESS:	4.3.1
PHP INFO:	5.6.8 | SAPI: apache2handler
SERVER:		Apache/2.4.12 (Win32) OpenSSL/1.0.1l PHP/5.6.8 
PHP TIME LIMIT: (0) no time limit imposed 
PHP MAX MEMORY: 5000M (128M default) 
MEMORY STACK: 27.75MB 

********************************************************************************
DATABASE:
********************************************************************************
BUILD MODE:   PHP(query limit - 100)
MYSQLTIMEOUT: 5000
MYSQLDUMP:    Is Supported 
TABLES: total:25 | filtered:0 | create:25 
FILTERED: [] 
SQL CREATED: 20170619_tecnobodega_594845333e9173451170619214211_database.sql 
file size:1938769 
SQL FILE SIZE: 1.85MB 
SQL FILE TIME: 2017-06-19 21:42:56 
SQL RUNTIME: 0.98 sec. 

******************************************************************************** 
ARCHIVE (ZIP): 
******************************************************************************** 
ARCHIVE DIR:  C:/xampp/htdocs/tecnobodega 
ARCHIVE FILE: 20170619_tecnobodega_594845333e9173451170619214211_archive.zip 
FILTERS: *OFF* 
DIRS:  not set 
EXTS:  not set 
---------------------------------------- 
COMPRESSING 
SIZE:	97MB 
STATS:	Dirs 733 | Files 3,975 
SQL ADDED: 20170619_tecnobodega_594845333e9173451170619214211_database.sql 
ZipArchive Object
(
    [status] => 0
    [statusSys] => 0
    [numFiles] => 4708
    [filename] => C:\xampp\htdocs\tecnobodega\wp-snapshots\tmp\20170619_tecnobodega_594845333e9173451170619214211_archive.zip
    [comment] => 
)
 
COMPRESSION RESULT: '1' 
COMPRESSED SIZE: 68.83MB 
ARCHIVE RUNTIME: 11.03 sec. 
MEMORY STACK: 29.25MB 

******************************************************************************** 
MAKE INSTALLER: 
******************************************************************************** 
Build Start 
Build Finished 
Preping for use 
Template parsed with new data 
Complete [C:/xampp/htdocs/tecnobodega/wp-snapshots/tmp/20170619_tecnobodega_594845333e9173451170619214211_installer.php] 
Added to archive 

******************************************************************************** 
INTEGRITY CHECKS: 
******************************************************************************** 
SQL File: 1.85MB 
Installer File: 317.98KB 
Archive File: 68.83MB  

********************************************************************************
RECORD ID:[9]
TOTAL PROCESS RUNTIME: 16.43 sec.
PEAK PHP MEMORY USED: 31.25MB
DONE PROCESSING => 20170619_tecnobodega 2017-06-19 21:43:12
 
